<?xml version="1.0" encoding="UTF-8"?>
<!-- Generated by org.testng.reporters.JUnitReportReporter -->
<testsuite hostname="rasta" name="com.test1.tests.RTest" tests="24" failures="3" timestamp="24 Jan 2017 17:11:53 GMT" time="346.551" errors="0">
  <testcase name="isShoeBlurbAvailable" time="18.668" classname="com.test1.tests.RTest"/>
  <testcase name="isShoeBlurbAvailable" time="9.869" classname="com.test1.tests.RTest"/>
  <testcase name="isHomeEmailSubmissionSuccessful" time="12.694" classname="com.test1.tests.RTest"/>
  <testcase name="isEmailSubmissionSuccessful" time="17.219" classname="com.test1.tests.RTest"/>
  <testcase name="verifySubmitEmailField" time="9.302" classname="com.test1.tests.RTest"/>
  <testcase name="isShoePriceAvailable" time="23.607" classname="com.test1.tests.RTest">
    <failure type="java.lang.AssertionError" message="The shoe price is not available. expected [true] but found [false]">
      <![CDATA[java.lang.AssertionError: The shoe price is not available. expected [true] but found [false]
	at org.testng.Assert.fail(Assert.java:94)
	at org.testng.Assert.failNotEquals(Assert.java:496)
	at org.testng.Assert.assertTrue(Assert.java:42)
	at com.test1.tests.RTest.isShoePriceAvailable(RTest.java:75)
	at sun.reflect.NativeMethodAccessorImpl.invoke0(Native Method)
	at sun.reflect.NativeMethodAccessorImpl.invoke(NativeMethodAccessorImpl.java:62)
	at sun.reflect.DelegatingMethodAccessorImpl.invoke(DelegatingMethodAccessorImpl.java:43)
	at java.lang.reflect.Method.invoke(Method.java:497)
	at org.testng.internal.MethodInvocationHelper.invokeMethod(MethodInvocationHelper.java:85)
	at org.testng.internal.Invoker.invokeMethod(Invoker.java:639)
	at org.testng.internal.Invoker.invokeTestMethod(Invoker.java:821)
	at org.testng.internal.Invoker.invokeTestMethods(Invoker.java:1131)
	at org.testng.internal.TestMethodWorker.invokeTestMethods(TestMethodWorker.java:124)
	at org.testng.internal.TestMethodWorker.run(TestMethodWorker.java:108)
	at org.testng.TestRunner.privateRun(TestRunner.java:773)
	at org.testng.TestRunner.run(TestRunner.java:623)
	at org.testng.SuiteRunner.runTest(SuiteRunner.java:357)
	at org.testng.SuiteRunner.runSequentially(SuiteRunner.java:352)
	at org.testng.SuiteRunner.privateRun(SuiteRunner.java:310)
	at org.testng.SuiteRunner.run(SuiteRunner.java:259)
	at org.testng.SuiteRunnerWorker.runSuite(SuiteRunnerWorker.java:52)
	at org.testng.SuiteRunnerWorker.run(SuiteRunnerWorker.java:86)
	at org.testng.TestNG.runSuitesSequentially(TestNG.java:1185)
	at org.testng.TestNG.runSuitesLocally(TestNG.java:1110)
	at org.testng.TestNG.run(TestNG.java:1018)
	at org.testng.TestNG.privateMain(TestNG.java:1325)
	at org.testng.TestNG.main(TestNG.java:1294)
]]>
    </failure>
  </testcase> <!-- isShoePriceAvailable -->
  <testcase name="verifyHomeSubmitEmailField" time="8.750" classname="com.test1.tests.RTest"/>
  <testcase name="isShoePictureAvailable" time="31.261" classname="com.test1.tests.RTest">
    <failure type="java.lang.AssertionError" message="The shoe picture is not available. expected [true] but found [false]">
      <![CDATA[java.lang.AssertionError: The shoe picture is not available. expected [true] but found [false]
	at org.testng.Assert.fail(Assert.java:94)
	at org.testng.Assert.failNotEquals(Assert.java:496)
	at org.testng.Assert.assertTrue(Assert.java:42)
	at com.test1.tests.RTest.isShoePictureAvailable(RTest.java:86)
	at sun.reflect.NativeMethodAccessorImpl.invoke0(Native Method)
	at sun.reflect.NativeMethodAccessorImpl.invoke(NativeMethodAccessorImpl.java:62)
	at sun.reflect.DelegatingMethodAccessorImpl.invoke(DelegatingMethodAccessorImpl.java:43)
	at java.lang.reflect.Method.invoke(Method.java:497)
	at org.testng.internal.MethodInvocationHelper.invokeMethod(MethodInvocationHelper.java:85)
	at org.testng.internal.Invoker.invokeMethod(Invoker.java:639)
	at org.testng.internal.Invoker.invokeTestMethod(Invoker.java:821)
	at org.testng.internal.Invoker.invokeTestMethods(Invoker.java:1131)
	at org.testng.internal.TestMethodWorker.invokeTestMethods(TestMethodWorker.java:124)
	at org.testng.internal.TestMethodWorker.run(TestMethodWorker.java:108)
	at org.testng.TestRunner.privateRun(TestRunner.java:773)
	at org.testng.TestRunner.run(TestRunner.java:623)
	at org.testng.SuiteRunner.runTest(SuiteRunner.java:357)
	at org.testng.SuiteRunner.runSequentially(SuiteRunner.java:352)
	at org.testng.SuiteRunner.privateRun(SuiteRunner.java:310)
	at org.testng.SuiteRunner.run(SuiteRunner.java:259)
	at org.testng.SuiteRunnerWorker.runSuite(SuiteRunnerWorker.java:52)
	at org.testng.SuiteRunnerWorker.run(SuiteRunnerWorker.java:86)
	at org.testng.TestNG.runSuitesSequentially(TestNG.java:1185)
	at org.testng.TestNG.runSuitesLocally(TestNG.java:1110)
	at org.testng.TestNG.run(TestNG.java:1018)
	at org.testng.TestNG.privateMain(TestNG.java:1325)
	at org.testng.TestNG.main(TestNG.java:1294)
]]>
    </failure>
  </testcase> <!-- isShoePictureAvailable -->
  <testcase name="isEmailSubmissionSuccessful" time="16.692" classname="com.test1.tests.RTest"/>
  <testcase name="isShoePriceAvailable" time="11.537" classname="com.test1.tests.RTest"/>
  <testcase name="isHomeEmailSubmissionSuccessful" time="11.060" classname="com.test1.tests.RTest"/>
  <testcase name="isShoeBlurbAvailable" time="23.561" classname="com.test1.tests.RTest">
    <failure type="java.lang.AssertionError" message="The shoe information blurb is not available. expected [true] but found [false]">
      <![CDATA[java.lang.AssertionError: The shoe information blurb is not available. expected [true] but found [false]
	at org.testng.Assert.fail(Assert.java:94)
	at org.testng.Assert.failNotEquals(Assert.java:496)
	at org.testng.Assert.assertTrue(Assert.java:42)
	at com.test1.tests.RTest.isShoeBlurbAvailable(RTest.java:64)
	at sun.reflect.NativeMethodAccessorImpl.invoke0(Native Method)
	at sun.reflect.NativeMethodAccessorImpl.invoke(NativeMethodAccessorImpl.java:62)
	at sun.reflect.DelegatingMethodAccessorImpl.invoke(DelegatingMethodAccessorImpl.java:43)
	at java.lang.reflect.Method.invoke(Method.java:497)
	at org.testng.internal.MethodInvocationHelper.invokeMethod(MethodInvocationHelper.java:85)
	at org.testng.internal.Invoker.invokeMethod(Invoker.java:639)
	at org.testng.internal.Invoker.invokeTestMethod(Invoker.java:821)
	at org.testng.internal.Invoker.invokeTestMethods(Invoker.java:1131)
	at org.testng.internal.TestMethodWorker.invokeTestMethods(TestMethodWorker.java:124)
	at org.testng.internal.TestMethodWorker.run(TestMethodWorker.java:108)
	at org.testng.TestRunner.privateRun(TestRunner.java:773)
	at org.testng.TestRunner.run(TestRunner.java:623)
	at org.testng.SuiteRunner.runTest(SuiteRunner.java:357)
	at org.testng.SuiteRunner.runSequentially(SuiteRunner.java:352)
	at org.testng.SuiteRunner.privateRun(SuiteRunner.java:310)
	at org.testng.SuiteRunner.run(SuiteRunner.java:259)
	at org.testng.SuiteRunnerWorker.runSuite(SuiteRunnerWorker.java:52)
	at org.testng.SuiteRunnerWorker.run(SuiteRunnerWorker.java:86)
	at org.testng.TestNG.runSuitesSequentially(TestNG.java:1185)
	at org.testng.TestNG.runSuitesLocally(TestNG.java:1110)
	at org.testng.TestNG.run(TestNG.java:1018)
	at org.testng.TestNG.privateMain(TestNG.java:1325)
	at org.testng.TestNG.main(TestNG.java:1294)
]]>
    </failure>
  </testcase> <!-- isShoeBlurbAvailable -->
  <testcase name="isShoePriceAvailable" time="11.774" classname="com.test1.tests.RTest"/>
  <testcase name="isEmailSubmissionSuccessful" time="11.833" classname="com.test1.tests.RTest"/>
  <testcase name="verifySubmitEmailField" time="10.000" classname="com.test1.tests.RTest"/>
  <testcase name="isShoePictureAvailable" time="13.646" classname="com.test1.tests.RTest"/>
  <testcase name="isEmailSubmissionSuccessful" time="11.320" classname="com.test1.tests.RTest"/>
  <testcase name="isShoePictureAvailable" time="13.822" classname="com.test1.tests.RTest"/>
  <testcase name="verifySubmitEmailField" time="13.178" classname="com.test1.tests.RTest"/>
  <testcase name="isHomeEmailSubmissionSuccessful" time="11.578" classname="com.test1.tests.RTest"/>
  <testcase name="verifySubmitEmailField" time="14.139" classname="com.test1.tests.RTest"/>
  <testcase name="isEmailSubmissionSuccessful" time="12.410" classname="com.test1.tests.RTest"/>
  <testcase name="isEmailSubmissionSuccessful" time="15.608" classname="com.test1.tests.RTest"/>
  <testcase name="isEmailSubmissionSuccessful" time="13.023" classname="com.test1.tests.RTest"/>
</testsuite> <!-- com.test1.tests.RTest -->
